[1031/100015:ERROR:gl_surface_egl.cc(133)] eglInitialize failed with error UNKNOWN
[1031/100015:ERROR:gl_surface_win.cc(97)] GLSurfaceEGL::InitializeOneOff failed.
[1031/100039:ERROR:renderer_main.cc(226)] Running without renderer sandbox
[1031/100040:ERROR:renderer_main.cc(226)] Running without renderer sandbox
[1031/100043:ERROR:renderer_main.cc(226)] Running without renderer sandbox
[1031/100047:INFO:CONSOLE(0)] "event.returnValue is deprecated. Please use the standard event.preventDefault() instead.", source:  (0)
[1031/101615:ERROR:ipc_channel_win.cc(132)] pipe error: 109
[1031/101615:INFO:CONSOLE(1)] "ReferenceError: EdgeDOM is not defined
    at eval (eval at <anonymous> (about:blank:0:45), <anonymous>:1:7)
    at about:blank:0:45", source:  (1)
[1031/101615:ERROR:renderer_main.cc(226)] Running without renderer sandbox
[1031/102413:ERROR:dns_config_service_win.cc(739)] DNS config watch failed.
[1031/113219:INFO:CONSOLE(1)] "ReferenceError: EdgeDOM is not defined
    at eval (eval at <anonymous> (about:blank:0:45), <anonymous>:1:7)
    at about:blank:0:47", source:  (1)
[1031/113225:ERROR:renderer_main.cc(226)] Running without renderer sandbox
[1031/113225:INFO:CONSOLE(1)] "ReferenceError: EdgeDOM is not defined
    at eval (eval at <anonymous> (unknown source), <anonymous>:1:13)
    at <anonymous>:0:61", source:  (1)
[1031/115411:INFO:CONSOLE(1)] "ReferenceError: EdgeDOM is not defined
    at eval (eval at <anonymous> (about:blank:0:45), <anonymous>:1:7)
    at about:blank:0:47", source:  (1)
[1031/115450:ERROR:renderer_main.cc(226)] Running without renderer sandbox
[1031/115528:ERROR:ipc_channel_win.cc(132)] pipe error: 109
[1031/115528:INFO:CONSOLE(1)] "ReferenceError: EdgeDOM is not defined
    at eval (eval at <anonymous> (about:blank:0:45), <anonymous>:1:7)
    at about:blank:0:47", source:  (1)
[1031/115531:ERROR:renderer_main.cc(226)] Running without renderer sandbox
[1031/135730:ERROR:renderer_main.cc(226)] Running without renderer sandbox
[1031/135816:INFO:CONSOLE(1)] "ReferenceError: EdgeDOM is not defined
    at eval (eval at <anonymous> (about:blank:0:45), <anonymous>:1:7)
    at about:blank:0:47", source:  (1)
[1031/135837:ERROR:renderer_main.cc(226)] Running without renderer sandbox
[1031/135837:INFO:CONSOLE(1)] "ReferenceError: EdgeDOM is not defined
    at eval (eval at <anonymous> (unknown source), <anonymous>:1:13)
    at <anonymous>:0:63", source:  (1)
[1031/135851:INFO:CONSOLE(161)] "RETURN EARLY _ no init", source: http://127.0.0.1:54321/_DRIVE_D_EVIRD_/desenvolvimento/28_CTSeguranca/UC1/UC1/Fontes/Animacoes%20-%20FINAL/animacao49/edge_includes/edge.authoring.6.0.0.min.js (161)
[1031/135851:INFO:CONSOLE(161)] "RETURN EARLY _ no init", source: http://127.0.0.1:54321/_DRIVE_D_EVIRD_/desenvolvimento/28_CTSeguranca/UC1/UC1/Fontes/Animacoes%20-%20FINAL/animacao49/edge_includes/edge.authoring.6.0.0.min.js (161)
[1031/135851:INFO:CONSOLE(161)] "RETURN EARLY _ no init", source: http://127.0.0.1:54321/_DRIVE_D_EVIRD_/desenvolvimento/28_CTSeguranca/UC1/UC1/Fontes/Animacoes%20-%20FINAL/animacao49/edge_includes/edge.authoring.6.0.0.min.js (161)
[1031/135851:INFO:CONSOLE(161)] "RETURN EARLY _ no init", source: http://127.0.0.1:54321/_DRIVE_D_EVIRD_/desenvolvimento/28_CTSeguranca/UC1/UC1/Fontes/Animacoes%20-%20FINAL/animacao49/edge_includes/edge.authoring.6.0.0.min.js (161)
[1031/135851:INFO:CONSOLE(161)] "RETURN EARLY _ no init", source: http://127.0.0.1:54321/_DRIVE_D_EVIRD_/desenvolvimento/28_CTSeguranca/UC1/UC1/Fontes/Animacoes%20-%20FINAL/animacao49/edge_includes/edge.authoring.6.0.0.min.js (161)
[1031/140043:INFO:CONSOLE(1)] "ReferenceError: EdgeDOM is not defined
    at eval (eval at <anonymous> (about:blank:0:45), <anonymous>:1:7)
    at about:blank:0:47", source:  (1)
[1031/140118:ERROR:renderer_main.cc(226)] Running without renderer sandbox
[1031/140118:INFO:CONSOLE(1)] "ReferenceError: EdgeDOM is not defined
    at eval (eval at <anonymous> (unknown source), <anonymous>:1:13)
    at <anonymous>:0:63", source:  (1)
[1031/140506:INFO:CONSOLE(1)] "ReferenceError: EdgeDOM is not defined
    at eval (eval at <anonymous> (about:blank:0:45), <anonymous>:1:7)
    at about:blank:0:47", source:  (1)
[1031/140553:ERROR:renderer_main.cc(226)] Running without renderer sandbox
